{
  "0 debug pnpm:scope": {
    "selected": 1
  },
  "1 debug pnpm:package-manifest": {
    "initial": {
      "name": "portfolio-3",
      "version": "0.0.1",
      "scripts": {
        "dev": "vite dev",
        "build": "vite build",
        "package": "svelte-kit package",
        "preview": "vite preview",
        "prepare": "svelte-kit sync",
        "test": "playwright test",
        "check": "svelte-check --tsconfig ./tsconfig.json",
        "check:watch": "svelte-check --tsconfig ./tsconfig.json --watch",
        "lint": "prettier --check --plugin-search-dir=. . && eslint .",
        "format": "prettier --write --plugin-search-dir=. ."
      },
      "devDependencies": {
        "@playwright/test": "^1.22.2",
        "@sveltejs/adapter-auto": "next",
        "@sveltejs/kit": "next",
        "@typescript-eslint/eslint-plugin": "^5.27.0",
        "@typescript-eslint/parser": "^5.27.0",
        "eslint": "^8.16.0",
        "eslint-config-prettier": "^8.3.0",
        "eslint-plugin-svelte3": "^4.0.0",
        "prettier": "^2.6.2",
        "prettier-plugin-svelte": "^2.7.0",
        "svelte": "^3.44.0",
        "svelte-check": "^2.7.1",
        "svelte-preprocess": "^4.10.6",
        "tslib": "^2.3.1",
        "typescript": "^4.7.4",
        "vite": "^3.0.0"
      },
      "type": "module"
    },
    "prefix": "/Users/dave/code/portfolio-3"
  },
  "2 debug pnpm:context": {
    "currentLockfileExists": false,
    "storeDir": "/Users/dave/Library/pnpm/store/v3",
    "virtualStoreDir": "/Users/dave/code/portfolio-3/node_modules/.pnpm"
  },
  "3 debug pnpm:stage": {
    "prefix": "/Users/dave/code/portfolio-3",
    "stage": "resolution_started"
  },
  "4 debug pnpm:_dependency_resolved": {
    "resolution": "registry.npmjs.org/tslib/2.4.0",
    "wanted": {
      "dependentId": ".",
      "name": "tslib",
      "rawSpec": "^2.3.1"
    }
  },
  "5 debug pnpm:progress": {
    "packageId": "registry.npmjs.org/tslib/2.4.0",
    "requester": "/Users/dave/code/portfolio-3",
    "status": "resolved"
  },
  "6 debug pnpm:progress": {
    "packageId": "registry.npmjs.org/tslib/2.4.0",
    "requester": "/Users/dave/code/portfolio-3",
    "status": "found_in_store"
  },
  "7 debug pnpm:_dependency_resolved": {
    "resolution": "registry.npmjs.org/eslint-config-prettier/8.5.0",
    "wanted": {
      "dependentId": ".",
      "name": "eslint-config-prettier",
      "rawSpec": "^8.3.0"
    }
  },
  "8 debug pnpm:progress": {
    "packageId": "registry.npmjs.org/eslint-config-prettier/8.5.0",
    "requester": "/Users/dave/code/portfolio-3",
    "status": "resolved"
  },
  "9 debug pnpm:progress": {
    "packageId": "registry.npmjs.org/eslint-config-prettier/8.5.0",
    "requester": "/Users/dave/code/portfolio-3",
    "status": "found_in_store"
  },
  "10 debug pnpm:_dependency_resolved": {
    "resolution": "registry.npmjs.org/eslint/8.19.0",
    "wanted": {
      "dependentId": ".",
      "name": "eslint",
      "rawSpec": "^8.16.0"
    }
  },
  "11 debug pnpm:progress": {
    "packageId": "registry.npmjs.org/eslint/8.19.0",
    "requester": "/Users/dave/code/portfolio-3",
    "status": "resolved"
  },
  "12 debug pnpm:progress": {
    "packageId": "registry.npmjs.org/eslint/8.19.0",
    "requester": "/Users/dave/code/portfolio-3",
    "status": "found_in_store"
  },
  "13 debug pnpm:_dependency_resolved": {
    "resolution": "registry.npmjs.org/prettier/2.7.1",
    "wanted": {
      "dependentId": ".",
      "name": "prettier",
      "rawSpec": "^2.6.2"
    }
  },
  "14 debug pnpm:progress": {
    "packageId": "registry.npmjs.org/prettier/2.7.1",
    "requester": "/Users/dave/code/portfolio-3",
    "status": "resolved"
  },
  "15 debug pnpm:progress": {
    "packageId": "registry.npmjs.org/prettier/2.7.1",
    "requester": "/Users/dave/code/portfolio-3",
    "status": "found_in_store"
  },
  "16 debug pnpm:_dependency_resolved": {
    "resolution": "registry.npmjs.org/svelte-check/2.8.0",
    "wanted": {
      "dependentId": ".",
      "name": "svelte-check",
      "rawSpec": "^2.7.1"
    }
  },
  "17 debug pnpm:progress": {
    "packageId": "registry.npmjs.org/svelte-check/2.8.0",
    "requester": "/Users/dave/code/portfolio-3",
    "status": "resolved"
  },
  "18 debug pnpm:fetching-progress": {
    "attempt": 1,
    "packageId": "registry.npmjs.org/svelte-check/2.8.0",
    "size": 688310,
    "status": "started"
  },
  "19 debug pnpm:_dependency_resolved": {
    "resolution": "registry.npmjs.org/eslint-plugin-svelte3/4.0.0",
    "wanted": {
      "dependentId": ".",
      "name": "eslint-plugin-svelte3",
      "rawSpec": "^4.0.0"
    }
  },
  "20 debug pnpm:progress": {
    "packageId": "registry.npmjs.org/eslint-plugin-svelte3/4.0.0",
    "requester": "/Users/dave/code/portfolio-3",
    "status": "resolved"
  },
  "21 debug pnpm:_dependency_resolved": {
    "resolution": "registry.npmjs.org/vite/3.0.0",
    "wanted": {
      "dependentId": ".",
      "name": "vite",
      "rawSpec": "^3.0.0"
    }
  },
  "22 debug pnpm:progress": {
    "packageId": "registry.npmjs.org/vite/3.0.0",
    "requester": "/Users/dave/code/portfolio-3",
    "status": "resolved"
  },
  "23 debug pnpm:progress": {
    "packageId": "registry.npmjs.org/vite/3.0.0",
    "requester": "/Users/dave/code/portfolio-3",
    "status": "found_in_store"
  },
  "24 debug pnpm:_dependency_resolved": {
    "resolution": "registry.npmjs.org/prettier-plugin-svelte/2.7.0",
    "wanted": {
      "dependentId": ".",
      "name": "prettier-plugin-svelte",
      "rawSpec": "^2.7.0"
    }
  },
  "25 debug pnpm:progress": {
    "packageId": "registry.npmjs.org/prettier-plugin-svelte/2.7.0",
    "requester": "/Users/dave/code/portfolio-3",
    "status": "resolved"
  },
  "26 debug pnpm:fetching-progress": {
    "attempt": 1,
    "packageId": "registry.npmjs.org/eslint-plugin-svelte3/4.0.0",
    "size": 13112,
    "status": "started"
  },
  "27 debug pnpm:progress": {
    "packageId": "registry.npmjs.org/eslint-plugin-svelte3/4.0.0",
    "requester": "/Users/dave/code/portfolio-3",
    "status": "fetched"
  },
  "28 debug pnpm:_dependency_resolved": {
    "resolution": "registry.npmjs.org/svelte-preprocess/4.10.7",
    "wanted": {
      "dependentId": ".",
      "name": "svelte-preprocess",
      "rawSpec": "^4.10.6"
    }
  },
  "29 debug pnpm:progress": {
    "packageId": "registry.npmjs.org/svelte-preprocess/4.10.7",
    "requester": "/Users/dave/code/portfolio-3",
    "status": "resolved"
  },
  "30 debug pnpm:fetching-progress": {
    "attempt": 1,
    "packageId": "registry.npmjs.org/prettier-plugin-svelte/2.7.0",
    "size": 49476,
    "status": "started"
  },
  "31 debug pnpm:_dependency_resolved": {
    "resolution": "registry.npmjs.org/@playwright/test/1.23.3",
    "wanted": {
      "dependentId": ".",
      "name": "@playwright/test",
      "rawSpec": "^1.22.2"
    }
  },
  "32 debug pnpm:progress": {
    "packageId": "registry.npmjs.org/@playwright/test/1.23.3",
    "requester": "/Users/dave/code/portfolio-3",
    "status": "resolved"
  },
  "33 debug pnpm:_dependency_resolved": {
    "resolution": "registry.npmjs.org/typescript/4.7.4",
    "wanted": {
      "dependentId": ".",
      "name": "typescript",
      "rawSpec": "^4.7.4"
    }
  },
  "34 debug pnpm:progress": {
    "packageId": "registry.npmjs.org/typescript/4.7.4",
    "requester": "/Users/dave/code/portfolio-3",
    "status": "resolved"
  },
  "35 debug pnpm:_dependency_resolved": {
    "resolution": "registry.npmjs.org/@sveltejs/adapter-auto/1.0.0-next.60",
    "wanted": {
      "dependentId": ".",
      "name": "@sveltejs/adapter-auto",
      "rawSpec": "next"
    }
  },
  "36 debug pnpm:progress": {
    "packageId": "registry.npmjs.org/@sveltejs/adapter-auto/1.0.0-next.60",
    "requester": "/Users/dave/code/portfolio-3",
    "status": "resolved"
  },
  "37 debug pnpm:fetching-progress": {
    "attempt": 1,
    "packageId": "registry.npmjs.org/svelte-preprocess/4.10.7",
    "size": 22985,
    "status": "started"
  },
  "38 debug pnpm:_dependency_resolved": {
    "resolution": "registry.npmjs.org/svelte/3.49.0",
    "wanted": {
      "dependentId": ".",
      "name": "svelte",
      "rawSpec": "^3.44.0"
    }
  },
  "39 debug pnpm:progress": {
    "packageId": "registry.npmjs.org/svelte/3.49.0",
    "requester": "/Users/dave/code/portfolio-3",
    "status": "resolved"
  },
  "40 debug pnpm:_dependency_resolved": {
    "resolution": "registry.npmjs.org/@typescript-eslint/parser/5.30.6",
    "wanted": {
      "dependentId": ".",
      "name": "@typescript-eslint/parser",
      "rawSpec": "^5.27.0"
    }
  },
  "41 debug pnpm:progress": {
    "packageId": "registry.npmjs.org/@typescript-eslint/parser/5.30.6",
    "requester": "/Users/dave/code/portfolio-3",
    "status": "resolved"
  },
  "42 debug pnpm:progress": {
    "packageId": "registry.npmjs.org/typescript/4.7.4",
    "requester": "/Users/dave/code/portfolio-3",
    "status": "found_in_store"
  },
  "43 debug pnpm:progress": {
    "packageId": "registry.npmjs.org/prettier-plugin-svelte/2.7.0",
    "requester": "/Users/dave/code/portfolio-3",
    "status": "fetched"
  },
  "44 debug pnpm:progress": {
    "packageId": "registry.npmjs.org/svelte-preprocess/4.10.7",
    "requester": "/Users/dave/code/portfolio-3",
    "status": "fetched"
  },
  "45 debug pnpm:progress": {
    "packageId": "registry.npmjs.org/svelte-check/2.8.0",
    "requester": "/Users/dave/code/portfolio-3",
    "status": "fetched"
  },
  "46 debug pnpm:fetching-progress": {
    "attempt": 1,
    "packageId": "registry.npmjs.org/svelte/3.49.0",
    "size": 1442531,
    "status": "started"
  },
  "47 debug pnpm:fetching-progress": {
    "attempt": 1,
    "packageId": "registry.npmjs.org/@typescript-eslint/parser/5.30.6",
    "size": 9931,
    "status": "started"
  },
  "48 debug pnpm:progress": {
    "packageId": "registry.npmjs.org/@typescript-eslint/parser/5.30.6",
    "requester": "/Users/dave/code/portfolio-3",
    "status": "fetched"
  },
  "49 warn pnpm:install-check": {
    "message": "Unsupported engine for registry.npmjs.org/@sveltejs/kit/1.0.0-next.375: wanted: {\"node\":\">=16.9\"} (current: {\"node\":\"v14.19.1\",\"pnpm\":\"7.4.1\"})",
    "prefix": "/Users/dave/code/portfolio-3"
  },
  "50 error pnpm": {
    "code": "ERR_PNPM_UNSUPPORTED_ENGINE",
    "packageId": "registry.npmjs.org/@sveltejs/kit/1.0.0-next.375",
    "wanted": {
      "node": ">=16.9"
    },
    "current": {
      "node": "v14.19.1",
      "pnpm": "7.4.1"
    },
    "pkgsStack": [],
    "err": {
      "name": "pnpm",
      "message": "Unsupported engine for registry.npmjs.org/@sveltejs/kit/1.0.0-next.375: wanted: {\"node\":\">=16.9\"} (current: {\"node\":\"v14.19.1\",\"pnpm\":\"7.4.1\"})",
      "code": "ERR_PNPM_UNSUPPORTED_ENGINE",
      "stack": "pnpm: Unsupported engine for registry.npmjs.org/@sveltejs/kit/1.0.0-next.375: wanted: {\"node\":\">=16.9\"} (current: {\"node\":\"v14.19.1\",\"pnpm\":\"7.4.1\"})\n    at checkEngine (/Users/dave/Library/pnpm/global/5/.pnpm/pnpm@7.4.1/node_modules/pnpm/dist/pnpm.cjs:43094:16)\n    at checkPackage (/Users/dave/Library/pnpm/global/5/.pnpm/pnpm@7.4.1/node_modules/pnpm/dist/pnpm.cjs:43677:74)\n    at packageIsInstallable (/Users/dave/Library/pnpm/global/5/.pnpm/pnpm@7.4.1/node_modules/pnpm/dist/pnpm.cjs:43647:20)\n    at resolveAndFetch (/Users/dave/Library/pnpm/global/5/.pnpm/pnpm@7.4.1/node_modules/pnpm/dist/pnpm.cjs:93238:117)\n    at runMicrotasks (<anonymous>)\n    at processTicksAndRejections (internal/process/task_queues.js:95:5)\n    at async resolveDependency (/Users/dave/Library/pnpm/global/5/.pnpm/pnpm@7.4.1/node_modules/pnpm/dist/pnpm.cjs:122282:23)\n    at async resolveDependenciesOfDependency (/Users/dave/Library/pnpm/global/5/.pnpm/pnpm@7.4.1/node_modules/pnpm/dist/pnpm.cjs:122121:39)\n    at async Promise.all (index 2)\n    at async resolveDependencies (/Users/dave/Library/pnpm/global/5/.pnpm/pnpm@7.4.1/node_modules/pnpm/dist/pnpm.cjs:122050:29)"
    }
  }
}